E:\PROYEK2012\DOLANAN\SHIVA\PEROYEKSHIVA\PLUGINS\KINCLONG2IO\CONTENTS\WINDOWS\KINCLONG2IO_WINDOWS.DLL
E:\Proyek2012\dolanan\Shiva\peroyekshiva\Plugins\kinclong2io\Make\Windows\..\..\Contents\Windows\kinclong2io_Windows.dll
E:\Proyek2012\dolanan\Shiva\peroyekshiva\Plugins\kinclong2io\Temp\Windows\Release\cl.command.1.tlog
E:\Proyek2012\dolanan\Shiva\peroyekshiva\Plugins\kinclong2io\Temp\Windows\Release\CL.read.1.tlog
E:\Proyek2012\dolanan\Shiva\peroyekshiva\Plugins\kinclong2io\Temp\Windows\Release\CL.write.1.tlog
E:\PROYEK2012\DOLANAN\SHIVA\PEROYEKSHIVA\PLUGINS\KINCLONG2IO\TEMP\WINDOWS\RELEASE\DLLMAIN.OBJ
E:\PROYEK2012\DOLANAN\SHIVA\PEROYEKSHIVA\PLUGINS\KINCLONG2IO\TEMP\WINDOWS\RELEASE\KINCLONG2IO.OBJ
E:\Proyek2012\dolanan\Shiva\peroyekshiva\Plugins\kinclong2io\Temp\Windows\Release\kinclong2io.write.1.tlog
E:\PROYEK2012\DOLANAN\SHIVA\PEROYEKSHIVA\PLUGINS\KINCLONG2IO\TEMP\WINDOWS\RELEASE\KINCLONG2IO_WINDOWS.DLL.INTERMEDIATE.MANIFEST
E:\Proyek2012\dolanan\Shiva\peroyekshiva\Plugins\kinclong2io\Temp\Windows\Release\kinclong2io_Windows.exp
E:\Proyek2012\dolanan\Shiva\peroyekshiva\Plugins\kinclong2io\Temp\Windows\Release\kinclong2io_Windows.lib
E:\PROYEK2012\DOLANAN\SHIVA\PEROYEKSHIVA\PLUGINS\KINCLONG2IO\TEMP\WINDOWS\RELEASE\KINCLONG2IO_WINDOWS.PCH
E:\Proyek2012\dolanan\Shiva\peroyekshiva\Plugins\kinclong2io\Temp\Windows\Release\link.command.1.tlog
E:\Proyek2012\dolanan\Shiva\peroyekshiva\Plugins\kinclong2io\Temp\Windows\Release\link.read.1.tlog
E:\Proyek2012\dolanan\Shiva\peroyekshiva\Plugins\kinclong2io\Temp\Windows\Release\link.write.1.tlog
E:\Proyek2012\dolanan\Shiva\peroyekshiva\Plugins\kinclong2io\Temp\Windows\Release\mt.command.1.tlog
E:\Proyek2012\dolanan\Shiva\peroyekshiva\Plugins\kinclong2io\Temp\Windows\Release\mt.read.1.tlog
E:\Proyek2012\dolanan\Shiva\peroyekshiva\Plugins\kinclong2io\Temp\Windows\Release\mt.write.1.tlog
E:\PROYEK2012\DOLANAN\SHIVA\PEROYEKSHIVA\PLUGINS\KINCLONG2IO\TEMP\WINDOWS\RELEASE\PLUGIN.OBJ
E:\PROYEK2012\DOLANAN\SHIVA\PEROYEKSHIVA\PLUGINS\KINCLONG2IO\TEMP\WINDOWS\RELEASE\PRECOMPILEDHEADER.OBJ
E:\PROYEK2012\DOLANAN\SHIVA\PEROYEKSHIVA\PLUGINS\KINCLONG2IO\TEMP\WINDOWS\RELEASE\VC100.PDB
