Build started 3/29/2012 9:28:52 AM.
     1>Project "C:\Program Files (x86)\Stonetrip\ShiVa Editor Web Edition\Data\Samples\Plugins\kinclong2io\Make\Windows\kinclong2io.vcxproj" on node 2 (rebuild target(s)).
     1>_PrepareForClean:
         Deleting file "..\..\Temp\Windows\Debug\kinclong2io.lastbuildstate".
       InitializeBuildStatus:
         Creating "..\..\Temp\Windows\Debug\kinclong2io.unsuccessfulbuild" because "AlwaysCreate" was specified.
       ClCompile:
         C:\Program Files (x86)\Microsoft Visual Studio 10.0\VC\bin\CL.exe /c /I../../Sources/ /I../../Sources/S3DX/ /I../../Sources/Windows/ /Zi /nologo /W3 /WX- /Od /Oy- /D WIN32 /D _DEBUG /D _WINDOWS /D _USRDLL /D _CRT_SECURE_NO_WARNINGS /D S3DX_DLL /D _VC80_UPGRADE=0x0710 /D _WINDLL /D _MBCS /Gm- /EHsc /MDd /GS /fp:precise /Zc:wchar_t /Zc:forScope /Yc"PrecompiledHeader.h" /Fp"..\..\Temp\Windows\Debug\kinclong2io_Windows.pch" /Fo"..\..\Temp\Windows\Debug\\" /Fd"..\..\Temp\Windows\Debug\vc100.pdb" /Gd /TP /analyze- /errorReport:prompt ..\..\Sources\Windows\PrecompiledHeader.cpp
         PrecompiledHeader.cpp
         C:\Program Files (x86)\Microsoft Visual Studio 10.0\VC\bin\CL.exe /c /I../../Sources/ /I../../Sources/S3DX/ /I../../Sources/Windows/ /Zi /nologo /W3 /WX- /Od /Oy- /D WIN32 /D _DEBUG /D _WINDOWS /D _USRDLL /D _CRT_SECURE_NO_WARNINGS /D S3DX_DLL /D _VC80_UPGRADE=0x0710 /D _WINDLL /D _MBCS /Gm- /EHsc /MDd /GS /fp:precise /Zc:wchar_t /Zc:forScope /Yu"PrecompiledHeader.h" /Fp"..\..\Temp\Windows\Debug\kinclong2io_Windows.pch" /Fo"..\..\Temp\Windows\Debug\\" /Fd"..\..\Temp\Windows\Debug\vc100.pdb" /Gd /TP /analyze- /errorReport:prompt ..\..\Sources\kinclong2io.cpp ..\..\Sources\Plugin.cpp ..\..\Sources\Windows\DLLMain.cpp
         kinclong2io.cpp
     1>..\..\Sources\kinclong2io.cpp(136): warning C4244: 'argument' : conversion from 'int' to 'const S3DX::float32', possible loss of data
     1>..\..\Sources\kinclong2io.cpp(170): warning C4244: 'argument' : conversion from 'int' to 'const S3DX::float32', possible loss of data
         ..\..\Sources\kinclong2io.cpp(254) :  TODO  :  write the code for kinclong2io.DeInitTUIO ( )
         Plugin.cpp
         DLLMain.cpp
         Generating Code...
       Link:
         C:\Program Files (x86)\Microsoft Visual Studio 10.0\VC\bin\link.exe /ERRORREPORT:PROMPT /OUT:"..\..\Contents\Windows\kinclong2io_Windows.dll" /INCREMENTAL:NO /NOLOGO Ws2_32.lib kernel32.lib user32.lib gdi32.lib winspool.lib comdlg32.lib advapi32.lib shell32.lib ole32.lib oleaut32.lib uuid.lib odbc32.lib odbccp32.lib /MANIFEST /ManifestFile:"..\..\Temp\Windows\Debug\kinclong2io_Windows.dll.intermediate.manifest" /MANIFESTUAC:"level='asInvoker' uiAccess='false'" /DEBUG /PDB:"..\..\Temp\Windows\Debug\kinclong2io_Windows.pdb" /SUBSYSTEM:WINDOWS /TLBID:1 /DYNAMICBASE:NO /IMPLIB:"..\..\Temp\Windows\Debug\kinclong2io_Windows.lib" /MACHINE:X86 /DLL ..\..\Temp\Windows\Debug\kinclong2io.obj
         ..\..\Temp\Windows\Debug\Plugin.obj
         ..\..\Temp\Windows\Debug\DLLMain.obj
         ..\..\Temp\Windows\Debug\PrecompiledHeader.obj
            Creating library ..\..\Temp\Windows\Debug\kinclong2io_Windows.lib and object ..\..\Temp\Windows\Debug\kinclong2io_Windows.exp
         kinclong2io.vcxproj -> C:\Program Files (x86)\Stonetrip\ShiVa Editor Web Edition\Data\Samples\Plugins\kinclong2io\Make\Windows\..\..\Contents\Windows\kinclong2io_Windows.dll
       Manifest:
         C:\Program Files (x86)\Microsoft SDKs\Windows\v7.0A\bin\mt.exe /nologo /verbose /out:"..\..\Temp\Windows\Debug\kinclong2io_Windows.manifest" /manifest ..\..\Temp\Windows\Debug\kinclong2io_Windows.dll.intermediate.manifest
       CopyFilesToOutputDirectory:
         Copying file from "..\..\Temp\Windows\Debug\kinclong2io_Windows.pdb" to "..\..\Contents\Windows\kinclong2io_Windows.pdb".
       FinalizeBuildStatus:
         Deleting file "..\..\Temp\Windows\Debug\kinclong2io.unsuccessfulbuild".
         Touching "..\..\Temp\Windows\Debug\kinclong2io.lastbuildstate".
     1>Done Building Project "C:\Program Files (x86)\Stonetrip\ShiVa Editor Web Edition\Data\Samples\Plugins\kinclong2io\Make\Windows\kinclong2io.vcxproj" (rebuild target(s)).

Build succeeded.

Time Elapsed 00:00:01.82
