..\..\Contents\Windows\kinclong2io_Windows.pdb
C:\PROGRAM FILES (X86)\STONETRIP\SHIVA EDITOR WEB EDITION\DATA\SAMPLES\PLUGINS\KINCLONG2IO\CONTENTS\WINDOWS\KINCLONG2IO_WINDOWS.DLL
C:\Program Files (x86)\Stonetrip\ShiVa Editor Web Edition\Data\Samples\Plugins\kinclong2io\Make\Windows\..\..\Contents\Windows\kinclong2io_Windows.dll
C:\Program Files (x86)\Stonetrip\ShiVa Editor Web Edition\Data\Samples\Plugins\kinclong2io\Temp\Windows\Debug\cl.command.1.tlog
C:\Program Files (x86)\Stonetrip\ShiVa Editor Web Edition\Data\Samples\Plugins\kinclong2io\Temp\Windows\Debug\CL.read.1.tlog
C:\Program Files (x86)\Stonetrip\ShiVa Editor Web Edition\Data\Samples\Plugins\kinclong2io\Temp\Windows\Debug\CL.write.1.tlog
C:\PROGRAM FILES (X86)\STONETRIP\SHIVA EDITOR WEB EDITION\DATA\SAMPLES\PLUGINS\KINCLONG2IO\TEMP\WINDOWS\DEBUG\DLLMAIN.OBJ
C:\PROGRAM FILES (X86)\STONETRIP\SHIVA EDITOR WEB EDITION\DATA\SAMPLES\PLUGINS\KINCLONG2IO\TEMP\WINDOWS\DEBUG\KINCLONG2IO.OBJ
C:\Program Files (x86)\Stonetrip\ShiVa Editor Web Edition\Data\Samples\Plugins\kinclong2io\Temp\Windows\Debug\kinclong2io.write.1.tlog
C:\PROGRAM FILES (X86)\STONETRIP\SHIVA EDITOR WEB EDITION\DATA\SAMPLES\PLUGINS\KINCLONG2IO\TEMP\WINDOWS\DEBUG\KINCLONG2IO_WINDOWS.DLL.INTERMEDIATE.MANIFEST
C:\Program Files (x86)\Stonetrip\ShiVa Editor Web Edition\Data\Samples\Plugins\kinclong2io\Temp\Windows\Debug\kinclong2io_Windows.exp
C:\Program Files (x86)\Stonetrip\ShiVa Editor Web Edition\Data\Samples\Plugins\kinclong2io\Temp\Windows\Debug\kinclong2io_Windows.lib
C:\PROGRAM FILES (X86)\STONETRIP\SHIVA EDITOR WEB EDITION\DATA\SAMPLES\PLUGINS\KINCLONG2IO\TEMP\WINDOWS\DEBUG\KINCLONG2IO_WINDOWS.MANIFEST
C:\PROGRAM FILES (X86)\STONETRIP\SHIVA EDITOR WEB EDITION\DATA\SAMPLES\PLUGINS\KINCLONG2IO\TEMP\WINDOWS\DEBUG\KINCLONG2IO_WINDOWS.PCH
C:\PROGRAM FILES (X86)\STONETRIP\SHIVA EDITOR WEB EDITION\DATA\SAMPLES\PLUGINS\KINCLONG2IO\TEMP\WINDOWS\DEBUG\KINCLONG2IO_WINDOWS.PDB
C:\Program Files (x86)\Stonetrip\ShiVa Editor Web Edition\Data\Samples\Plugins\kinclong2io\Temp\Windows\Debug\link.command.1.tlog
C:\Program Files (x86)\Stonetrip\ShiVa Editor Web Edition\Data\Samples\Plugins\kinclong2io\Temp\Windows\Debug\link.read.1.tlog
C:\Program Files (x86)\Stonetrip\ShiVa Editor Web Edition\Data\Samples\Plugins\kinclong2io\Temp\Windows\Debug\link.write.1.tlog
C:\Program Files (x86)\Stonetrip\ShiVa Editor Web Edition\Data\Samples\Plugins\kinclong2io\Temp\Windows\Debug\mt.command.1.tlog
C:\Program Files (x86)\Stonetrip\ShiVa Editor Web Edition\Data\Samples\Plugins\kinclong2io\Temp\Windows\Debug\mt.read.1.tlog
C:\Program Files (x86)\Stonetrip\ShiVa Editor Web Edition\Data\Samples\Plugins\kinclong2io\Temp\Windows\Debug\mt.write.1.tlog
C:\PROGRAM FILES (X86)\STONETRIP\SHIVA EDITOR WEB EDITION\DATA\SAMPLES\PLUGINS\KINCLONG2IO\TEMP\WINDOWS\DEBUG\PLUGIN.OBJ
C:\PROGRAM FILES (X86)\STONETRIP\SHIVA EDITOR WEB EDITION\DATA\SAMPLES\PLUGINS\KINCLONG2IO\TEMP\WINDOWS\DEBUG\PRECOMPILEDHEADER.OBJ
C:\PROGRAM FILES (X86)\STONETRIP\SHIVA EDITOR WEB EDITION\DATA\SAMPLES\PLUGINS\KINCLONG2IO\TEMP\WINDOWS\DEBUG\VC100.PDB
